#! /opt/homebrew/Cellar/icarus-verilog/12.0/bin/vvp
:ivl_version "12.0 (stable)";
:ivl_delay_selection "TYPICAL";
:vpi_time_precision - 9;
:vpi_module "/opt/homebrew/Cellar/icarus-verilog/12.0/lib/ivl/system.vpi";
:vpi_module "/opt/homebrew/Cellar/icarus-verilog/12.0/lib/ivl/vhdl_sys.vpi";
:vpi_module "/opt/homebrew/Cellar/icarus-verilog/12.0/lib/ivl/vhdl_textio.vpi";
:vpi_module "/opt/homebrew/Cellar/icarus-verilog/12.0/lib/ivl/v2005_math.vpi";
:vpi_module "/opt/homebrew/Cellar/icarus-verilog/12.0/lib/ivl/va_math.vpi";
S_0x131704170 .scope module, "mmm_tb" "mmm_tb" 2 3;
 .timescale -9 -9;
P_0x1317042e0 .param/l "N" 1 2 7, +C4<00000000000000000000000000100000>;
v0x1317158b0_0 .var "a", 31 0;
v0x131715940_0 .var "b", 31 0;
v0x1317159d0_0 .var "n", 31 0;
v0x131715a60_0 .var "test_no", 1 0;
v0x131715af0_0 .net "y", 31 0, L_0x131716cb0;  1 drivers
S_0x131704410 .scope module, "u_dut" "mmm" 2 28, 3 5 0, S_0x131704170;
 .timescale 0 0;
    .port_info 0 /INPUT 32 "a";
    .port_info 1 /INPUT 32 "b";
    .port_info 2 /INPUT 32 "n";
    .port_info 3 /OUTPUT 32 "y";
P_0x131704580 .param/l "N" 0 3 6, +C4<00000000000000000000000000100000>;
L_0x131716cb0 .functor BUFZ 32, L_0x131716c10, C4<00000000000000000000000000000000>, C4<00000000000000000000000000000000>, C4<00000000000000000000000000000000>;
v0x1317046e0_0 .net *"_ivl_0", 63 0, L_0x131715bd0;  1 drivers
v0x1317147a0_0 .net *"_ivl_10", 63 0, L_0x131715fc0;  1 drivers
L_0x1280400a0 .functor BUFT 1, C4<00000000000000000000000000000000>, C4<0>, C4<0>, C4<0>;
v0x131714840_0 .net *"_ivl_13", 31 0, L_0x1280400a0;  1 drivers
v0x1317148d0_0 .net *"_ivl_15", 63 0, L_0x131716100;  1 drivers
v0x131714960_0 .net *"_ivl_16", 63 0, L_0x131716270;  1 drivers
v0x131714a30_0 .net *"_ivl_20", 31 0, L_0x131716370;  1 drivers
L_0x1280400e8 .functor BUFT 1, C4<00000000000000000000000000000000>, C4<0>, C4<0>, C4<0>;
v0x131714ae0_0 .net *"_ivl_22", 31 0, L_0x1280400e8;  1 drivers
v0x131714b90_0 .net *"_ivl_24", 63 0, L_0x1317165b0;  1 drivers
L_0x128040130 .functor BUFT 1, C4<00000000000000000000000000000000>, C4<0>, C4<0>, C4<0>;
v0x131714c40_0 .net *"_ivl_27", 31 0, L_0x128040130;  1 drivers
v0x131714d50_0 .net *"_ivl_28", 0 0, L_0x1317166e0;  1 drivers
L_0x128040010 .functor BUFT 1, C4<00000000000000000000000000000000>, C4<0>, C4<0>, C4<0>;
v0x131714df0_0 .net *"_ivl_3", 31 0, L_0x128040010;  1 drivers
v0x131714ea0_0 .net *"_ivl_30", 63 0, L_0x131716800;  1 drivers
L_0x128040178 .functor BUFT 1, C4<00000000000000000000000000000000>, C4<0>, C4<0>, C4<0>;
v0x131714f50_0 .net *"_ivl_33", 31 0, L_0x128040178;  1 drivers
v0x131715000_0 .net *"_ivl_34", 63 0, L_0x131716980;  1 drivers
v0x1317150b0_0 .net *"_ivl_36", 63 0, L_0x131716a80;  1 drivers
v0x131715160_0 .net *"_ivl_4", 63 0, L_0x131715d60;  1 drivers
L_0x128040058 .functor BUFT 1, C4<00000000000000000000000000000000>, C4<0>, C4<0>, C4<0>;
v0x131715210_0 .net *"_ivl_7", 31 0, L_0x128040058;  1 drivers
v0x1317153a0_0 .net "a", 31 0, v0x1317158b0_0;  1 drivers
v0x131715430_0 .net "b", 31 0, v0x131715940_0;  1 drivers
v0x1317154e0_0 .net "m", 63 0, L_0x131715ea0;  1 drivers
v0x131715590_0 .net "n", 31 0, v0x1317159d0_0;  1 drivers
v0x131715640_0 .net "t", 63 0, L_0x131716490;  1 drivers
v0x1317156f0_0 .net "u", 31 0, L_0x131716c10;  1 drivers
v0x1317157a0_0 .net "y", 31 0, L_0x131716cb0;  alias, 1 drivers
L_0x131715bd0 .concat [ 32 32 0 0], v0x1317158b0_0, L_0x128040010;
L_0x131715d60 .concat [ 32 32 0 0], v0x131715940_0, L_0x128040058;
L_0x131715ea0 .arith/mult 64, L_0x131715bd0, L_0x131715d60;
L_0x131715fc0 .concat [ 32 32 0 0], v0x1317159d0_0, L_0x1280400a0;
L_0x131716100 .arith/mult 64, L_0x131715ea0, L_0x131715fc0;
L_0x131716270 .arith/sum 64, L_0x131715ea0, L_0x131716100;
L_0x131716370 .part L_0x131716270, 32, 32;
L_0x131716490 .concat [ 32 32 0 0], L_0x131716370, L_0x1280400e8;
L_0x1317165b0 .concat [ 32 32 0 0], v0x1317159d0_0, L_0x128040130;
L_0x1317166e0 .cmp/ge 64, L_0x131716490, L_0x1317165b0;
L_0x131716800 .concat [ 32 32 0 0], v0x1317159d0_0, L_0x128040178;
L_0x131716980 .arith/sub 64, L_0x131716490, L_0x131716800;
L_0x131716a80 .functor MUXZ 64, L_0x131716490, L_0x131716980, L_0x1317166e0, C4<>;
L_0x131716c10 .part L_0x131716a80, 0, 32;
    .scope S_0x131704170;
T_0 ;
    %pushi/vec4 0, 0, 32;
    %store/vec4 v0x1317158b0_0, 0, 32;
    %pushi/vec4 0, 0, 32;
    %store/vec4 v0x131715940_0, 0, 32;
    %pushi/vec4 0, 0, 32;
    %store/vec4 v0x1317159d0_0, 0, 32;
    %pushi/vec4 0, 0, 2;
    %store/vec4 v0x131715a60_0, 0, 2;
    %end;
    .thread T_0;
    .scope S_0x131704170;
T_1 ;
    %load/vec4 v0x131715a60_0;
    %addi 1, 0, 2;
    %assign/vec4 v0x131715a60_0, 0;
    %pushi/vec4 19088743, 0, 32;
    %assign/vec4 v0x1317158b0_0, 0;
    %pushi/vec4 2309737967, 0, 32;
    %assign/vec4 v0x131715940_0, 0;
    %pushi/vec4 2474941607, 0, 32;
    %assign/vec4 v0x1317159d0_0, 0;
    %delay 1, 0;
    %vpi_call 2 46 "$display", "Test %D done. Actual: 0x%H, expected: 0x%H", v0x131715a60_0, v0x131715af0_0, 32'b10010011100000010111001101001001 {0 0 0};
    %load/vec4 v0x131715a60_0;
    %addi 1, 0, 2;
    %assign/vec4 v0x131715a60_0, 0;
    %pushi/vec4 1122867, 0, 32;
    %assign/vec4 v0x1317158b0_0, 0;
    %pushi/vec4 1146447479, 0, 32;
    %assign/vec4 v0x131715940_0, 0;
    %pushi/vec4 2474941607, 0, 32;
    %assign/vec4 v0x1317159d0_0, 0;
    %delay 1, 0;
    %vpi_call 2 56 "$display", "Test %D done. Actual: 0x%H, expected: 0x%H", v0x131715a60_0, v0x131715af0_0, 32'b01100101010100011100001011001101 {0 0 0};
    %vpi_call 2 60 "$stop" {0 0 0};
    %end;
    .thread T_1;
# The file index is used to find the file name in the following table.
:file_names 4;
    "N/A";
    "<interactive>";
    "mmm_tb.v";
    "mmm.v";
